# JRE version: OpenJDK Runtime Environment (8.0_152-b06) (build 1.8.0_152-release-1136-b06)
# Java VM: OpenJDK 64-Bit Server VM (25.152-b06 mixed mode windows-amd64 compressed oops)
Heap:
 PSYoungGen      total 327680K, used 231454K [0x00000000e0000000, 0x00000000fb700000, 0x0000000100000000)
  eden space 291840K, 72% used [0x00000000e0000000,0x00000000ece1a790,0x00000000f1d00000)
  from space 35840K, 56% used [0x00000000f1d00000,0x00000000f30ed2f0,0x00000000f4000000)
  to   space 35840K, 0% used [0x00000000f9400000,0x00000000f9400000,0x00000000fb700000)
 ParOldGen       total 157696K, used 84528K [0x00000000a0000000, 0x00000000a9a00000, 0x00000000e0000000)
  object space 157696K, 53% used [0x00000000a0000000,0x00000000a528c2f0,0x00000000a9a00000)
 Metaspace       used 79387K, capacity 82588K, committed 82776K, reserved 1120256K
  class space    used 10286K, capacity 11124K, committed 11136K, reserved 1048576K
GC Heap History (10 events):
Event: 30.437 GC heap before
{Heap before GC invocations=20 (full 3):
 PSYoungGen      total 197632K, used 10023K [0x00000000e0000000, 0x00000000ee580000, 0x0000000100000000)
  eden space 164352K, 1% used [0x00000000e0000000,0x00000000e02d9410,0x00000000ea080000)
  from space 33280K, 21% used [0x00000000ec500000,0x00000000ecbf0828,0x00000000ee580000)
  to   space 35328K, 0% used [0x00000000ea080000,0x00000000ea080000,0x00000000ec300000)
 ParOldGen       total 157696K, used 53674K [0x00000000a0000000, 0x00000000a9a00000, 0x00000000e0000000)
  object space 157696K, 34% used [0x00000000a0000000,0x00000000a346aa68,0x00000000a9a00000)
 Metaspace       used 57345K, capacity 59092K, committed 59224K, reserved 1099776K
  class space    used 7647K, capacity 8063K, committed 8064K, reserved 1048576K
Event: 30.442 GC heap after
Heap after GC invocations=20 (full 3):
 PSYoungGen      total 199680K, used 7058K [0x00000000e0000000, 0x00000000f1d80000, 0x0000000100000000)
  eden space 164352K, 0% used [0x00000000e0000000,0x00000000e0000000,0x00000000ea080000)
  from space 35328K, 19% used [0x00000000ea080000,0x00000000ea764838,0x00000000ec300000)
  to   space 34304K, 0% used [0x00000000efc00000,0x00000000efc00000,0x00000000f1d80000)
 ParOldGen       total 157696K, used 53682K [0x00000000a0000000, 0x00000000a9a00000, 0x00000000e0000000)
  object space 157696K, 34% used [0x00000000a0000000,0x00000000a346ca68,0x00000000a9a00000)
 Metaspace       used 57345K, capacity 59092K, committed 59224K, reserved 1099776K
  class space    used 7647K, capacity 8063K, committed 8064K, reserved 1048576K
}
Event: 37.172 GC heap before
{Heap before GC invocations=21 (full 3):
 PSYoungGen      total 199680K, used 171410K [0x00000000e0000000, 0x00000000f1d80000, 0x0000000100000000)
  eden space 164352K, 100% used [0x00000000e0000000,0x00000000ea080000,0x00000000ea080000)
  from space 35328K, 19% used [0x00000000ea080000,0x00000000ea764838,0x00000000ec300000)
  to   space 34304K, 0% used [0x00000000efc00000,0x00000000efc00000,0x00000000f1d80000)
 ParOldGen       total 157696K, used 53682K [0x00000000a0000000, 0x00000000a9a00000, 0x00000000e0000000)
  object space 157696K, 34% used [0x00000000a0000000,0x00000000a346ca68,0x00000000a9a00000)
 Metaspace       used 58893K, capacity 60794K, committed 61016K, reserved 1101824K
  class space    used 7805K, capacity 8252K, committed 8320K, reserved 1048576K
Event: 37.187 GC heap after
Heap after GC invocations=21 (full 3):
 PSYoungGen      total 250880K, used 11216K [0x00000000e0000000, 0x00000000f1880000, 0x0000000100000000)
  eden space 221696K, 0% used [0x00000000e0000000,0x00000000e0000000,0x00000000ed880000)
  from space 29184K, 38% used [0x00000000efc00000,0x00000000f06f41d8,0x00000000f1880000)
  to   space 32768K, 0% used [0x00000000ed880000,0x00000000ed880000,0x00000000ef880000)
 ParOldGen       total 157696K, used 53690K [0x00000000a0000000, 0x00000000a9a00000, 0x00000000e0000000)
  object space 157696K, 34% used [0x00000000a0000000,0x00000000a346ea68,0x00000000a9a00000)
 Metaspace       used 58893K, capacity 60794K, committed 61016K, reserved 1101824K
  class space    used 7805K, capacity 8252K, committed 8320K, reserved 1048576K
}
Event: 45.272 GC heap before
{Heap before GC invocations=22 (full 3):
 PSYoungGen      total 250880K, used 232912K [0x00000000e0000000, 0x00000000f1880000, 0x0000000100000000)
  eden space 221696K, 100% used [0x00000000e0000000,0x00000000ed880000,0x00000000ed880000)
  from space 29184K, 38% used [0x00000000efc00000,0x00000000f06f41d8,0x00000000f1880000)
  to   space 32768K, 0% used [0x00000000ed880000,0x00000000ed880000,0x00000000ef880000)
 ParOldGen       total 157696K, used 53690K [0x00000000a0000000, 0x00000000a9a00000, 0x00000000e0000000)
  object space 157696K, 34% used [0x00000000a0000000,0x00000000a346ea68,0x00000000a9a00000)
 Metaspace       used 63776K, capacity 65752K, committed 66008K, reserved 1105920K
  class space    used 8402K, capacity 8887K, committed 8960K, reserved 1048576K
Event: 45.294 GC heap after
Heap after GC invocations=22 (full 3):
 PSYoungGen      total 254464K, used 22230K [0x00000000e0000000, 0x00000000f6300000, 0x0000000100000000)
  eden space 221696K, 0% used [0x00000000e0000000,0x00000000e0000000,0x00000000ed880000)
  from space 32768K, 67% used [0x00000000ed880000,0x00000000eee359b8,0x00000000ef880000)
  to   space 33792K, 0% used [0x00000000f4200000,0x00000000f4200000,0x00000000f6300000)
 ParOldGen       total 157696K, used 59499K [0x00000000a0000000, 0x00000000a9a00000, 0x00000000e0000000)
  object space 157696K, 37% used [0x00000000a0000000,0x00000000a3a1af68,0x00000000a9a00000)
 Metaspace       used 63776K, capacity 65752K, committed 66008K, reserved 1105920K
  class space    used 8402K, capacity 8887K, committed 8960K, reserved 1048576K
}
Event: 55.220 GC heap before
{Heap before GC invocations=23 (full 3):
 PSYoungGen      total 254464K, used 243926K [0x00000000e0000000, 0x00000000f6300000, 0x0000000100000000)
  eden space 221696K, 100% used [0x00000000e0000000,0x00000000ed880000,0x00000000ed880000)
  from space 32768K, 67% used [0x00000000ed880000,0x00000000eee359b8,0x00000000ef880000)
  to   space 33792K, 0% used [0x00000000f4200000,0x00000000f4200000,0x00000000f6300000)
 ParOldGen       total 157696K, used 59499K [0x00000000a0000000, 0x00000000a9a00000, 0x00000000e0000000)
  object space 157696K, 37% used [0x00000000a0000000,0x00000000a3a1af68,0x00000000a9a00000)
 Metaspace       used 66626K, capacity 68582K, committed 68824K, reserved 1110016K
  class space    used 8607K, capacity 9120K, committed 9216K, reserved 1048576K
Event: 55.255 GC heap after
Heap after GC invocations=23 (full 3):
 PSYoungGen      total 325632K, used 24438K [0x00000000e0000000, 0x00000000f6300000, 0x0000000100000000)
  eden space 291840K, 0% used [0x00000000e0000000,0x00000000e0000000,0x00000000f1d00000)
  from space 33792K, 72% used [0x00000000f4200000,0x00000000f59dd880,0x00000000f6300000)
  to   space 35840K, 0% used [0x00000000f1d00000,0x00000000f1d00000,0x00000000f4000000)
 ParOldGen       total 157696K, used 63398K [0x00000000a0000000, 0x00000000a9a00000, 0x00000000e0000000)
  object space 157696K, 40% used [0x00000000a0000000,0x00000000a3de9808,0x00000000a9a00000)
 Metaspace       used 66626K, capacity 68582K, committed 68824K, reserved 1110016K
  class space    used 8607K, capacity 9120K, committed 9216K, reserved 1048576K
}
Event: 453.193 GC heap before
{Heap before GC invocations=24 (full 3):
 PSYoungGen      total 325632K, used 316278K [0x00000000e0000000, 0x00000000f6300000, 0x0000000100000000)
  eden space 291840K, 100% used [0x00000000e0000000,0x00000000f1d00000,0x00000000f1d00000)
  from space 33792K, 72% used [0x00000000f4200000,0x00000000f59dd880,0x00000000f6300000)
  to   space 35840K, 0% used [0x00000000f1d00000,0x00000000f1d00000,0x00000000f4000000)
 ParOldGen       total 157696K, used 63398K [0x00000000a0000000, 0x00000000a9a00000, 0x00000000e0000000)
  object space 157696K, 40% used [0x00000000a0000000,0x00000000a3de9808,0x00000000a9a00000)
 Metaspace       used 76418K, capacity 79228K, committed 79448K, reserved 1118208K
  class space    used 9865K, capacity 10549K, committed 10624K, reserved 1048576K
Event: 453.274 GC heap after
Heap after GC invocations=24 (full 3):
 PSYoungGen      total 327680K, used 20404K [0x00000000e0000000, 0x00000000fb700000, 0x0000000100000000)
  eden space 291840K, 0% used [0x00000000e0000000,0x00000000e0000000,0x00000000f1d00000)
  from space 35840K, 56% used [0x00000000f1d00000,0x00000000f30ed2f0,0x00000000f4000000)
  to   space 35840K, 0% used [0x00000000f9400000,0x00000000f9400000,0x00000000fb700000)
 ParOldGen       total 157696K, used 84528K [0x00000000a0000000, 0x00000000a9a00000, 0x00000000e0000000)
  object space 157696K, 53% used [0x00000000a0000000,0x00000000a528c2f0,0x00000000a9a00000)
 Metaspace       used 76418K, capacity 79228K, committed 79448K, reserved 1118208K
  class space    used 9865K, capacity 10549K, committed 10624K, reserved 1048576K
}

