# JRE version: OpenJDK Runtime Environment (8.0_152-b06) (build 1.8.0_152-release-1136-b06)
# Java VM: OpenJDK 64-Bit Server VM (25.152-b06 mixed mode windows-amd64 compressed oops)
Heap:
 PSYoungGen      total 156160K, used 118487K [0x00000000e0000000, 0x00000000ead80000, 0x0000000100000000)
  eden space 138752K, 73% used [0x00000000e0000000,0x00000000e6401ee0,0x00000000e8780000)
  from space 17408K, 92% used [0x00000000e9c80000,0x00000000eac34038,0x00000000ead80000)
  to   space 19456K, 0% used [0x00000000e8780000,0x00000000e8780000,0x00000000e9a80000)
 ParOldGen       total 161280K, used 43403K [0x00000000a0000000, 0x00000000a9d80000, 0x00000000e0000000)
  object space 161280K, 26% used [0x00000000a0000000,0x00000000a2a62c98,0x00000000a9d80000)
 Metaspace       used 61197K, capacity 63034K, committed 63232K, reserved 1103872K
  class space    used 8206K, capacity 8640K, committed 8704K, reserved 1048576K
GC Heap History (10 events):
Event: 7.934 GC heap before
{Heap before GC invocations=13 (full 2):
 PSYoungGen      total 104960K, used 104820K [0x00000000e0000000, 0x00000000e7880000, 0x0000000100000000)
  eden space 97280K, 100% used [0x00000000e0000000,0x00000000e5f00000,0x00000000e5f00000)
  from space 7680K, 98% used [0x00000000e7100000,0x00000000e785d318,0x00000000e7880000)
  to   space 10752K, 0% used [0x00000000e6380000,0x00000000e6380000,0x00000000e6e00000)
 ParOldGen       total 95744K, used 15578K [0x00000000a0000000, 0x00000000a5d80000, 0x00000000e0000000)
  object space 95744K, 16% used [0x00000000a0000000,0x00000000a0f36960,0x00000000a5d80000)
 Metaspace       used 45301K, capacity 46384K, committed 46464K, reserved 1089536K
  class space    used 6191K, capacity 6498K, committed 6528K, reserved 1048576K
Event: 7.956 GC heap after
Heap after GC invocations=13 (full 2):
 PSYoungGen      total 112640K, used 10740K [0x00000000e0000000, 0x00000000e9180000, 0x0000000100000000)
  eden space 101888K, 0% used [0x00000000e0000000,0x00000000e0000000,0x00000000e6380000)
  from space 10752K, 99% used [0x00000000e6380000,0x00000000e6dfd2e0,0x00000000e6e00000)
  to   space 13824K, 0% used [0x00000000e8400000,0x00000000e8400000,0x00000000e9180000)
 ParOldGen       total 95744K, used 21829K [0x00000000a0000000, 0x00000000a5d80000, 0x00000000e0000000)
  object space 95744K, 22% used [0x00000000a0000000,0x00000000a1551438,0x00000000a5d80000)
 Metaspace       used 45301K, capacity 46384K, committed 46464K, reserved 1089536K
  class space    used 6191K, capacity 6498K, committed 6528K, reserved 1048576K
}
Event: 9.726 GC heap before
{Heap before GC invocations=14 (full 2):
 PSYoungGen      total 112640K, used 112628K [0x00000000e0000000, 0x00000000e9180000, 0x0000000100000000)
  eden space 101888K, 100% used [0x00000000e0000000,0x00000000e6380000,0x00000000e6380000)
  from space 10752K, 99% used [0x00000000e6380000,0x00000000e6dfd2e0,0x00000000e6e00000)
  to   space 13824K, 0% used [0x00000000e8400000,0x00000000e8400000,0x00000000e9180000)
 ParOldGen       total 95744K, used 21829K [0x00000000a0000000, 0x00000000a5d80000, 0x00000000e0000000)
  object space 95744K, 22% used [0x00000000a0000000,0x00000000a1551438,0x00000000a5d80000)
 Metaspace       used 54769K, capacity 56552K, committed 56704K, reserved 1097728K
  class space    used 7528K, capacity 7969K, committed 8064K, reserved 1048576K
Event: 9.755 GC heap after
Heap after GC invocations=14 (full 2):
 PSYoungGen      total 130560K, used 13809K [0x00000000e0000000, 0x00000000e9f80000, 0x0000000100000000)
  eden space 116736K, 0% used [0x00000000e0000000,0x00000000e0000000,0x00000000e7200000)
  from space 13824K, 99% used [0x00000000e8400000,0x00000000e917c618,0x00000000e9180000)
  to   space 18432K, 0% used [0x00000000e7200000,0x00000000e7200000,0x00000000e8400000)
 ParOldGen       total 95744K, used 29785K [0x00000000a0000000, 0x00000000a5d80000, 0x00000000e0000000)
  object space 95744K, 31% used [0x00000000a0000000,0x00000000a1d16620,0x00000000a5d80000)
 Metaspace       used 54769K, capacity 56552K, committed 56704K, reserved 1097728K
  class space    used 7528K, capacity 7969K, committed 8064K, reserved 1048576K
}
Event: 11.922 GC heap before
{Heap before GC invocations=15 (full 2):
 PSYoungGen      total 130560K, used 103765K [0x00000000e0000000, 0x00000000e9f80000, 0x0000000100000000)
  eden space 116736K, 77% used [0x00000000e0000000,0x00000000e57d8fc0,0x00000000e7200000)
  from space 13824K, 99% used [0x00000000e8400000,0x00000000e917c618,0x00000000e9180000)
  to   space 18432K, 0% used [0x00000000e7200000,0x00000000e7200000,0x00000000e8400000)
 ParOldGen       total 95744K, used 29785K [0x00000000a0000000, 0x00000000a5d80000, 0x00000000e0000000)
  object space 95744K, 31% used [0x00000000a0000000,0x00000000a1d16620,0x00000000a5d80000)
 Metaspace       used 57143K, capacity 58946K, committed 59008K, reserved 1099776K
  class space    used 7818K, capacity 8282K, committed 8320K, reserved 1048576K
Event: 11.943 GC heap after
Heap after GC invocations=15 (full 2):
 PSYoungGen      total 135168K, used 7515K [0x00000000e0000000, 0x00000000eae00000, 0x0000000100000000)
  eden space 116736K, 0% used [0x00000000e0000000,0x00000000e0000000,0x00000000e7200000)
  from space 18432K, 40% used [0x00000000e7200000,0x00000000e7956f98,0x00000000e8400000)
  to   space 17920K, 0% used [0x00000000e9c80000,0x00000000e9c80000,0x00000000eae00000)
 ParOldGen       total 95744K, used 42980K [0x00000000a0000000, 0x00000000a5d80000, 0x00000000e0000000)
  object space 95744K, 44% used [0x00000000a0000000,0x00000000a29f9388,0x00000000a5d80000)
 Metaspace       used 57143K, capacity 58946K, committed 59008K, reserved 1099776K
  class space    used 7818K, capacity 8282K, committed 8320K, reserved 1048576K
}
Event: 11.943 GC heap before
{Heap before GC invocations=16 (full 3):
 PSYoungGen      total 135168K, used 7515K [0x00000000e0000000, 0x00000000eae00000, 0x0000000100000000)
  eden space 116736K, 0% used [0x00000000e0000000,0x00000000e0000000,0x00000000e7200000)
  from space 18432K, 40% used [0x00000000e7200000,0x00000000e7956f98,0x00000000e8400000)
  to   space 17920K, 0% used [0x00000000e9c80000,0x00000000e9c80000,0x00000000eae00000)
 ParOldGen       total 95744K, used 42980K [0x00000000a0000000, 0x00000000a5d80000, 0x00000000e0000000)
  object space 95744K, 44% used [0x00000000a0000000,0x00000000a29f9388,0x00000000a5d80000)
 Metaspace       used 57143K, capacity 58946K, committed 59008K, reserved 1099776K
  class space    used 7818K, capacity 8282K, committed 8320K, reserved 1048576K
Event: 12.219 GC heap after
Heap after GC invocations=16 (full 3):
 PSYoungGen      total 135168K, used 0K [0x00000000e0000000, 0x00000000eae00000, 0x0000000100000000)
  eden space 116736K, 0% used [0x00000000e0000000,0x00000000e0000000,0x00000000e7200000)
  from space 18432K, 0% used [0x00000000e7200000,0x00000000e7200000,0x00000000e8400000)
  to   space 17920K, 0% used [0x00000000e9c80000,0x00000000e9c80000,0x00000000eae00000)
 ParOldGen       total 161280K, used 43403K [0x00000000a0000000, 0x00000000a9d80000, 0x00000000e0000000)
  object space 161280K, 26% used [0x00000000a0000000,0x00000000a2a62c98,0x00000000a9d80000)
 Metaspace       used 57143K, capacity 58946K, committed 59008K, reserved 1099776K
  class space    used 7818K, capacity 8282K, committed 8320K, reserved 1048576K
}
Event: 14.099 GC heap before
{Heap before GC invocations=17 (full 3):
 PSYoungGen      total 135168K, used 116736K [0x00000000e0000000, 0x00000000eae00000, 0x0000000100000000)
  eden space 116736K, 100% used [0x00000000e0000000,0x00000000e7200000,0x00000000e7200000)
  from space 18432K, 0% used [0x00000000e7200000,0x00000000e7200000,0x00000000e8400000)
  to   space 17920K, 0% used [0x00000000e9c80000,0x00000000e9c80000,0x00000000eae00000)
 ParOldGen       total 161280K, used 43403K [0x00000000a0000000, 0x00000000a9d80000, 0x00000000e0000000)
  object space 161280K, 26% used [0x00000000a0000000,0x00000000a2a62c98,0x00000000a9d80000)
 Metaspace       used 58444K, capacity 60264K, committed 60416K, reserved 1101824K
  class space    used 7939K, capacity 8379K, committed 8448K, reserved 1048576K
Event: 14.122 GC heap after
Heap after GC invocations=17 (full 3):
 PSYoungGen      total 156160K, used 16080K [0x00000000e0000000, 0x00000000ead80000, 0x0000000100000000)
  eden space 138752K, 0% used [0x00000000e0000000,0x00000000e0000000,0x00000000e8780000)
  from space 17408K, 92% used [0x00000000e9c80000,0x00000000eac34038,0x00000000ead80000)
  to   space 19456K, 0% used [0x00000000e8780000,0x00000000e8780000,0x00000000e9a80000)
 ParOldGen       total 161280K, used 43403K [0x00000000a0000000, 0x00000000a9d80000, 0x00000000e0000000)
  object space 161280K, 26% used [0x00000000a0000000,0x00000000a2a62c98,0x00000000a9d80000)
 Metaspace       used 58444K, capacity 60264K, committed 60416K, reserved 1101824K
  class space    used 7939K, capacity 8379K, committed 8448K, reserved 1048576K
}

