# JRE version: OpenJDK Runtime Environment (8.0_152-b06) (build 1.8.0_152-release-1136-b06)
# Java VM: OpenJDK 64-Bit Server VM (25.152-b06 mixed mode windows-amd64 compressed oops)
Heap:
 PSYoungGen      total 195584K, used 56501K [0x00000000e0000000, 0x00000000ed980000, 0x0000000100000000)
  eden space 170496K, 22% used [0x00000000e0000000,0x00000000e26249e0,0x00000000ea680000)
  from space 25088K, 69% used [0x00000000ea680000,0x00000000eb788aa8,0x00000000ebf00000)
  to   space 21504K, 0% used [0x00000000ebf00000,0x00000000ebf00000,0x00000000ed400000)
 ParOldGen       total 161792K, used 41743K [0x00000000a0000000, 0x00000000a9e00000, 0x00000000e0000000)
  object space 161792K, 25% used [0x00000000a0000000,0x00000000a28c3e20,0x00000000a9e00000)
 Metaspace       used 60622K, capacity 62342K, committed 62552K, reserved 1103872K
  class space    used 8101K, capacity 8517K, committed 8576K, reserved 1048576K
GC Heap History (10 events):
Event: 6.893 GC heap before
{Heap before GC invocations=10 (full 2):
 PSYoungGen      total 140800K, used 131072K [0x00000000e0000000, 0x00000000ea780000, 0x0000000100000000)
  eden space 131072K, 100% used [0x00000000e0000000,0x00000000e8000000,0x00000000e8000000)
  from space 9728K, 0% used [0x00000000e8000000,0x00000000e8000000,0x00000000e8980000)
  to   space 12288K, 0% used [0x00000000e9b80000,0x00000000e9b80000,0x00000000ea780000)
 ParOldGen       total 104448K, used 19403K [0x00000000a0000000, 0x00000000a6600000, 0x00000000e0000000)
  object space 104448K, 18% used [0x00000000a0000000,0x00000000a12f2e80,0x00000000a6600000)
 Metaspace       used 41758K, capacity 42568K, committed 42840K, reserved 1085440K
  class space    used 5629K, capacity 5917K, committed 6016K, reserved 1048576K
Event: 6.914 GC heap after
Heap after GC invocations=10 (full 2):
 PSYoungGen      total 156160K, used 12264K [0x00000000e0000000, 0x00000000ecd80000, 0x0000000100000000)
  eden space 143872K, 0% used [0x00000000e0000000,0x00000000e0000000,0x00000000e8c80000)
  from space 12288K, 99% used [0x00000000e9b80000,0x00000000ea77a128,0x00000000ea780000)
  to   space 15360K, 0% used [0x00000000e8c80000,0x00000000e8c80000,0x00000000e9b80000)
 ParOldGen       total 104448K, used 22382K [0x00000000a0000000, 0x00000000a6600000, 0x00000000e0000000)
  object space 104448K, 21% used [0x00000000a0000000,0x00000000a15db8c8,0x00000000a6600000)
 Metaspace       used 41758K, capacity 42568K, committed 42840K, reserved 1085440K
  class space    used 5629K, capacity 5917K, committed 6016K, reserved 1048576K
}
Event: 8.850 GC heap before
{Heap before GC invocations=11 (full 2):
 PSYoungGen      total 156160K, used 156136K [0x00000000e0000000, 0x00000000ecd80000, 0x0000000100000000)
  eden space 143872K, 100% used [0x00000000e0000000,0x00000000e8c80000,0x00000000e8c80000)
  from space 12288K, 99% used [0x00000000e9b80000,0x00000000ea77a128,0x00000000ea780000)
  to   space 15360K, 0% used [0x00000000e8c80000,0x00000000e8c80000,0x00000000e9b80000)
 ParOldGen       total 104448K, used 22382K [0x00000000a0000000, 0x00000000a6600000, 0x00000000e0000000)
  object space 104448K, 21% used [0x00000000a0000000,0x00000000a15db8c8,0x00000000a6600000)
 Metaspace       used 54343K, capacity 56062K, committed 56280K, reserved 1097728K
  class space    used 7450K, capacity 7873K, committed 7936K, reserved 1048576K
Event: 8.872 GC heap after
Heap after GC invocations=11 (full 2):
 PSYoungGen      total 159232K, used 15350K [0x00000000e0000000, 0x00000000ed400000, 0x0000000100000000)
  eden space 143872K, 0% used [0x00000000e0000000,0x00000000e0000000,0x00000000e8c80000)
  from space 15360K, 99% used [0x00000000e8c80000,0x00000000e9b7d9f0,0x00000000e9b80000)
  to   space 21504K, 0% used [0x00000000ebf00000,0x00000000ebf00000,0x00000000ed400000)
 ParOldGen       total 104448K, used 32937K [0x00000000a0000000, 0x00000000a6600000, 0x00000000e0000000)
  object space 104448K, 31% used [0x00000000a0000000,0x00000000a202a578,0x00000000a6600000)
 Metaspace       used 54343K, capacity 56062K, committed 56280K, reserved 1097728K
  class space    used 7450K, capacity 7873K, committed 7936K, reserved 1048576K
}
Event: 13.971 GC heap before
{Heap before GC invocations=12 (full 2):
 PSYoungGen      total 159232K, used 101628K [0x00000000e0000000, 0x00000000ed400000, 0x0000000100000000)
  eden space 143872K, 59% used [0x00000000e0000000,0x00000000e54417f8,0x00000000e8c80000)
  from space 15360K, 99% used [0x00000000e8c80000,0x00000000e9b7d9f0,0x00000000e9b80000)
  to   space 21504K, 0% used [0x00000000ebf00000,0x00000000ebf00000,0x00000000ed400000)
 ParOldGen       total 104448K, used 32937K [0x00000000a0000000, 0x00000000a6600000, 0x00000000e0000000)
  object space 104448K, 31% used [0x00000000a0000000,0x00000000a202a578,0x00000000a6600000)
 Metaspace       used 57265K, capacity 58926K, committed 59028K, reserved 1099776K
  class space    used 7799K, capacity 8191K, committed 8192K, reserved 1048576K
Event: 14.025 GC heap after
Heap after GC invocations=12 (full 2):
 PSYoungGen      total 192000K, used 21497K [0x00000000e0000000, 0x00000000ed980000, 0x0000000100000000)
  eden space 170496K, 0% used [0x00000000e0000000,0x00000000e0000000,0x00000000ea680000)
  from space 21504K, 99% used [0x00000000ebf00000,0x00000000ed3fe6e8,0x00000000ed400000)
  to   space 25088K, 0% used [0x00000000ea680000,0x00000000ea680000,0x00000000ebf00000)
 ParOldGen       total 104448K, used 34417K [0x00000000a0000000, 0x00000000a6600000, 0x00000000e0000000)
  object space 104448K, 32% used [0x00000000a0000000,0x00000000a219c4c8,0x00000000a6600000)
 Metaspace       used 57265K, capacity 58926K, committed 59028K, reserved 1099776K
  class space    used 7799K, capacity 8191K, committed 8192K, reserved 1048576K
}
Event: 14.026 GC heap before
{Heap before GC invocations=13 (full 3):
 PSYoungGen      total 192000K, used 21497K [0x00000000e0000000, 0x00000000ed980000, 0x0000000100000000)
  eden space 170496K, 0% used [0x00000000e0000000,0x00000000e0000000,0x00000000ea680000)
  from space 21504K, 99% used [0x00000000ebf00000,0x00000000ed3fe6e8,0x00000000ed400000)
  to   space 25088K, 0% used [0x00000000ea680000,0x00000000ea680000,0x00000000ebf00000)
 ParOldGen       total 104448K, used 34417K [0x00000000a0000000, 0x00000000a6600000, 0x00000000e0000000)
  object space 104448K, 32% used [0x00000000a0000000,0x00000000a219c4c8,0x00000000a6600000)
 Metaspace       used 57265K, capacity 58926K, committed 59028K, reserved 1099776K
  class space    used 7799K, capacity 8191K, committed 8192K, reserved 1048576K
Event: 14.272 GC heap after
Heap after GC invocations=13 (full 3):
 PSYoungGen      total 192000K, used 0K [0x00000000e0000000, 0x00000000ed980000, 0x0000000100000000)
  eden space 170496K, 0% used [0x00000000e0000000,0x00000000e0000000,0x00000000ea680000)
  from space 21504K, 0% used [0x00000000ebf00000,0x00000000ebf00000,0x00000000ed400000)
  to   space 25088K, 0% used [0x00000000ea680000,0x00000000ea680000,0x00000000ebf00000)
 ParOldGen       total 161792K, used 41735K [0x00000000a0000000, 0x00000000a9e00000, 0x00000000e0000000)
  object space 161792K, 25% used [0x00000000a0000000,0x00000000a28c1e20,0x00000000a9e00000)
 Metaspace       used 57265K, capacity 58926K, committed 59028K, reserved 1099776K
  class space    used 7799K, capacity 8191K, committed 8192K, reserved 1048576K
}
Event: 16.627 GC heap before
{Heap before GC invocations=14 (full 3):
 PSYoungGen      total 192000K, used 170496K [0x00000000e0000000, 0x00000000ed980000, 0x0000000100000000)
  eden space 170496K, 100% used [0x00000000e0000000,0x00000000ea680000,0x00000000ea680000)
  from space 21504K, 0% used [0x00000000ebf00000,0x00000000ebf00000,0x00000000ed400000)
  to   space 25088K, 0% used [0x00000000ea680000,0x00000000ea680000,0x00000000ebf00000)
 ParOldGen       total 161792K, used 41735K [0x00000000a0000000, 0x00000000a9e00000, 0x00000000e0000000)
  object space 161792K, 25% used [0x00000000a0000000,0x00000000a28c1e20,0x00000000a9e00000)
 Metaspace       used 60350K, capacity 62048K, committed 62296K, reserved 1103872K
  class space    used 8072K, capacity 8484K, committed 8576K, reserved 1048576K
Event: 16.653 GC heap after
Heap after GC invocations=14 (full 3):
 PSYoungGen      total 195584K, used 17442K [0x00000000e0000000, 0x00000000ed980000, 0x0000000100000000)
  eden space 170496K, 0% used [0x00000000e0000000,0x00000000e0000000,0x00000000ea680000)
  from space 25088K, 69% used [0x00000000ea680000,0x00000000eb788aa8,0x00000000ebf00000)
  to   space 21504K, 0% used [0x00000000ebf00000,0x00000000ebf00000,0x00000000ed400000)
 ParOldGen       total 161792K, used 41743K [0x00000000a0000000, 0x00000000a9e00000, 0x00000000e0000000)
  object space 161792K, 25% used [0x00000000a0000000,0x00000000a28c3e20,0x00000000a9e00000)
 Metaspace       used 60350K, capacity 62048K, committed 62296K, reserved 1103872K
  class space    used 8072K, capacity 8484K, committed 8576K, reserved 1048576K
}

