# JRE version: OpenJDK Runtime Environment (8.0_152-b06) (build 1.8.0_152-release-1136-b06)
# Java VM: OpenJDK 64-Bit Server VM (25.152-b06 mixed mode windows-amd64 compressed oops)
Heap:
 PSYoungGen      total 210432K, used 24923K [0x00000000e0000000, 0x00000000efa00000, 0x0000000100000000)
  eden space 192000K, 12% used [0x00000000e0000000,0x00000000e1856d10,0x00000000ebb80000)
  from space 18432K, 0% used [0x00000000ecf00000,0x00000000ecf00000,0x00000000ee100000)
  to   space 19968K, 0% used [0x00000000ebb80000,0x00000000ebb80000,0x00000000ecf00000)
 ParOldGen       total 90112K, used 37414K [0x00000000a0000000, 0x00000000a5800000, 0x00000000e0000000)
  object space 90112K, 41% used [0x00000000a0000000,0x00000000a24898d8,0x00000000a5800000)
 Metaspace       used 57989K, capacity 60218K, committed 60504K, reserved 1101824K
  class space    used 7768K, capacity 8283K, committed 8320K, reserved 1048576K
GC Heap History (10 events):
Event: 5.395 GC heap before
{Heap before GC invocations=9 (full 2):
 PSYoungGen      total 116224K, used 9154K [0x00000000e0000000, 0x00000000ec080000, 0x0000000100000000)
  eden space 105472K, 0% used [0x00000000e0000000,0x00000000e0000000,0x00000000e6700000)
  from space 10752K, 85% used [0x00000000e6700000,0x00000000e6ff0848,0x00000000e7180000)
  to   space 11264K, 0% used [0x00000000eb580000,0x00000000eb580000,0x00000000ec080000)
 ParOldGen       total 60416K, used 10661K [0x00000000a0000000, 0x00000000a3b00000, 0x00000000e0000000)
  object space 60416K, 17% used [0x00000000a0000000,0x00000000a0a69468,0x00000000a3b00000)
 Metaspace       used 34542K, capacity 35302K, committed 35416K, reserved 1079296K
  class space    used 4723K, capacity 4969K, committed 4992K, reserved 1048576K
Event: 5.480 GC heap after
Heap after GC invocations=9 (full 2):
 PSYoungGen      total 116224K, used 0K [0x00000000e0000000, 0x00000000ec080000, 0x0000000100000000)
  eden space 105472K, 0% used [0x00000000e0000000,0x00000000e0000000,0x00000000e6700000)
  from space 10752K, 0% used [0x00000000e6700000,0x00000000e6700000,0x00000000e7180000)
  to   space 11264K, 0% used [0x00000000eb580000,0x00000000eb580000,0x00000000ec080000)
 ParOldGen       total 90112K, used 15264K [0x00000000a0000000, 0x00000000a5800000, 0x00000000e0000000)
  object space 90112K, 16% used [0x00000000a0000000,0x00000000a0ee8138,0x00000000a5800000)
 Metaspace       used 34542K, capacity 35302K, committed 35416K, reserved 1079296K
  class space    used 4723K, capacity 4969K, committed 4992K, reserved 1048576K
}
Event: 6.613 GC heap before
{Heap before GC invocations=10 (full 2):
 PSYoungGen      total 116224K, used 105472K [0x00000000e0000000, 0x00000000ec080000, 0x0000000100000000)
  eden space 105472K, 100% used [0x00000000e0000000,0x00000000e6700000,0x00000000e6700000)
  from space 10752K, 0% used [0x00000000e6700000,0x00000000e6700000,0x00000000e7180000)
  to   space 11264K, 0% used [0x00000000eb580000,0x00000000eb580000,0x00000000ec080000)
 ParOldGen       total 90112K, used 15264K [0x00000000a0000000, 0x00000000a5800000, 0x00000000e0000000)
  object space 90112K, 16% used [0x00000000a0000000,0x00000000a0ee8138,0x00000000a5800000)
 Metaspace       used 39720K, capacity 40578K, committed 40792K, reserved 1085440K
  class space    used 5385K, capacity 5664K, committed 5760K, reserved 1048576K
Event: 6.627 GC heap after
Heap after GC invocations=10 (full 2):
 PSYoungGen      total 163840K, used 11239K [0x00000000e0000000, 0x00000000ec080000, 0x0000000100000000)
  eden space 152576K, 0% used [0x00000000e0000000,0x00000000e0000000,0x00000000e9500000)
  from space 11264K, 99% used [0x00000000eb580000,0x00000000ec079c30,0x00000000ec080000)
  to   space 12800K, 0% used [0x00000000ea780000,0x00000000ea780000,0x00000000eb400000)
 ParOldGen       total 90112K, used 15601K [0x00000000a0000000, 0x00000000a5800000, 0x00000000e0000000)
  object space 90112K, 17% used [0x00000000a0000000,0x00000000a0f3c5a0,0x00000000a5800000)
 Metaspace       used 39720K, capacity 40578K, committed 40792K, reserved 1085440K
  class space    used 5385K, capacity 5664K, committed 5760K, reserved 1048576K
}
Event: 8.837 GC heap before
{Heap before GC invocations=11 (full 2):
 PSYoungGen      total 163840K, used 163815K [0x00000000e0000000, 0x00000000ec080000, 0x0000000100000000)
  eden space 152576K, 100% used [0x00000000e0000000,0x00000000e9500000,0x00000000e9500000)
  from space 11264K, 99% used [0x00000000eb580000,0x00000000ec079c30,0x00000000ec080000)
  to   space 12800K, 0% used [0x00000000ea780000,0x00000000ea780000,0x00000000eb400000)
 ParOldGen       total 90112K, used 15601K [0x00000000a0000000, 0x00000000a5800000, 0x00000000e0000000)
  object space 90112K, 17% used [0x00000000a0000000,0x00000000a0f3c5a0,0x00000000a5800000)
 Metaspace       used 52935K, capacity 54820K, committed 55128K, reserved 1097728K
  class space    used 7280K, capacity 7732K, committed 7808K, reserved 1048576K
Event: 8.881 GC heap after
Heap after GC invocations=11 (full 2):
 PSYoungGen      total 184320K, used 12769K [0x00000000e0000000, 0x00000000ee100000, 0x0000000100000000)
  eden space 171520K, 0% used [0x00000000e0000000,0x00000000e0000000,0x00000000ea780000)
  from space 12800K, 99% used [0x00000000ea780000,0x00000000eb3f8700,0x00000000eb400000)
  to   space 18432K, 0% used [0x00000000ecf00000,0x00000000ecf00000,0x00000000ee100000)
 ParOldGen       total 90112K, used 26640K [0x00000000a0000000, 0x00000000a5800000, 0x00000000e0000000)
  object space 90112K, 29% used [0x00000000a0000000,0x00000000a1a04228,0x00000000a5800000)
 Metaspace       used 52935K, capacity 54820K, committed 55128K, reserved 1097728K
  class space    used 7280K, capacity 7732K, committed 7808K, reserved 1048576K
}
Event: 11.370 GC heap before
{Heap before GC invocations=12 (full 2):
 PSYoungGen      total 184320K, used 171209K [0x00000000e0000000, 0x00000000ee100000, 0x0000000100000000)
  eden space 171520K, 92% used [0x00000000e0000000,0x00000000e9ab9d70,0x00000000ea780000)
  from space 12800K, 99% used [0x00000000ea780000,0x00000000eb3f8700,0x00000000eb400000)
  to   space 18432K, 0% used [0x00000000ecf00000,0x00000000ecf00000,0x00000000ee100000)
 ParOldGen       total 90112K, used 26640K [0x00000000a0000000, 0x00000000a5800000, 0x00000000e0000000)
  object space 90112K, 29% used [0x00000000a0000000,0x00000000a1a04228,0x00000000a5800000)
 Metaspace       used 56694K, capacity 58794K, committed 58968K, reserved 1099776K
  class space    used 7673K, capacity 8195K, committed 8320K, reserved 1048576K
Event: 11.408 GC heap after
Heap after GC invocations=12 (full 2):
 PSYoungGen      total 210432K, used 16123K [0x00000000e0000000, 0x00000000efa00000, 0x0000000100000000)
  eden space 192000K, 0% used [0x00000000e0000000,0x00000000e0000000,0x00000000ebb80000)
  from space 18432K, 87% used [0x00000000ecf00000,0x00000000edebed98,0x00000000ee100000)
  to   space 19968K, 0% used [0x00000000ebb80000,0x00000000ebb80000,0x00000000ecf00000)
 ParOldGen       total 90112K, used 32310K [0x00000000a0000000, 0x00000000a5800000, 0x00000000e0000000)
  object space 90112K, 35% used [0x00000000a0000000,0x00000000a1f8d870,0x00000000a5800000)
 Metaspace       used 56694K, capacity 58794K, committed 58968K, reserved 1099776K
  class space    used 7673K, capacity 8195K, committed 8320K, reserved 1048576K
}
Event: 11.408 GC heap before
{Heap before GC invocations=13 (full 3):
 PSYoungGen      total 210432K, used 16123K [0x00000000e0000000, 0x00000000efa00000, 0x0000000100000000)
  eden space 192000K, 0% used [0x00000000e0000000,0x00000000e0000000,0x00000000ebb80000)
  from space 18432K, 87% used [0x00000000ecf00000,0x00000000edebed98,0x00000000ee100000)
  to   space 19968K, 0% used [0x00000000ebb80000,0x00000000ebb80000,0x00000000ecf00000)
 ParOldGen       total 90112K, used 32310K [0x00000000a0000000, 0x00000000a5800000, 0x00000000e0000000)
  object space 90112K, 35% used [0x00000000a0000000,0x00000000a1f8d870,0x00000000a5800000)
 Metaspace       used 56694K, capacity 58794K, committed 58968K, reserved 1099776K
  class space    used 7673K, capacity 8195K, committed 8320K, reserved 1048576K
Event: 11.645 GC heap after
Heap after GC invocations=13 (full 3):
 PSYoungGen      total 210432K, used 0K [0x00000000e0000000, 0x00000000efa00000, 0x0000000100000000)
  eden space 192000K, 0% used [0x00000000e0000000,0x00000000e0000000,0x00000000ebb80000)
  from space 18432K, 0% used [0x00000000ecf00000,0x00000000ecf00000,0x00000000ee100000)
  to   space 19968K, 0% used [0x00000000ebb80000,0x00000000ebb80000,0x00000000ecf00000)
 ParOldGen       total 90112K, used 37414K [0x00000000a0000000, 0x00000000a5800000, 0x00000000e0000000)
  object space 90112K, 41% used [0x00000000a0000000,0x00000000a24898d8,0x00000000a5800000)
 Metaspace       used 56690K, capacity 58782K, committed 58968K, reserved 1099776K
  class space    used 7672K, capacity 8193K, committed 8320K, reserved 1048576K
}

