# JRE version: OpenJDK Runtime Environment (8.0_152-b06) (build 1.8.0_152-release-1136-b06)
# Java VM: OpenJDK 64-Bit Server VM (25.152-b06 mixed mode windows-amd64 compressed oops)
Heap:
 PSYoungGen      total 211456K, used 89911K [0x00000000e0000000, 0x00000000ee900000, 0x0000000100000000)
  eden space 194560K, 37% used [0x00000000e0000000,0x00000000e4751360,0x00000000ebe00000)
  from space 16896K, 99% used [0x00000000ed880000,0x00000000ee8fc9e0,0x00000000ee900000)
  to   space 19456K, 0% used [0x00000000ec300000,0x00000000ec300000,0x00000000ed600000)
 ParOldGen       total 128000K, used 37637K [0x00000000a0000000, 0x00000000a7d00000, 0x00000000e0000000)
  object space 128000K, 29% used [0x00000000a0000000,0x00000000a24c1498,0x00000000a7d00000)
 Metaspace       used 61212K, capacity 63054K, committed 63448K, reserved 1103872K
  class space    used 8208K, capacity 8641K, committed 8704K, reserved 1048576K
GC Heap History (10 events):
Event: 9.686 GC heap before
{Heap before GC invocations=13 (full 2):
 PSYoungGen      total 132096K, used 132091K [0x00000000e0000000, 0x00000000e9a00000, 0x0000000100000000)
  eden space 121344K, 100% used [0x00000000e0000000,0x00000000e7680000,0x00000000e7680000)
  from space 10752K, 99% used [0x00000000e8f80000,0x00000000e99fef10,0x00000000e9a00000)
  to   space 11776K, 0% used [0x00000000e8300000,0x00000000e8300000,0x00000000e8e80000)
 ParOldGen       total 81920K, used 15414K [0x00000000a0000000, 0x00000000a5000000, 0x00000000e0000000)
  object space 81920K, 18% used [0x00000000a0000000,0x00000000a0f0d918,0x00000000a5000000)
 Metaspace       used 50729K, capacity 52046K, committed 52312K, reserved 1093632K
  class space    used 6832K, capacity 7198K, committed 7296K, reserved 1048576K
Event: 9.709 GC heap after
Heap after GC invocations=13 (full 2):
 PSYoungGen      total 145920K, used 11771K [0x00000000e0000000, 0x00000000eb900000, 0x0000000100000000)
  eden space 134144K, 0% used [0x00000000e0000000,0x00000000e0000000,0x00000000e8300000)
  from space 11776K, 99% used [0x00000000e8300000,0x00000000e8e7ec88,0x00000000e8e80000)
  to   space 15872K, 0% used [0x00000000ea980000,0x00000000ea980000,0x00000000eb900000)
 ParOldGen       total 81920K, used 23136K [0x00000000a0000000, 0x00000000a5000000, 0x00000000e0000000)
  object space 81920K, 28% used [0x00000000a0000000,0x00000000a1698248,0x00000000a5000000)
 Metaspace       used 50729K, capacity 52046K, committed 52312K, reserved 1093632K
  class space    used 6832K, capacity 7198K, committed 7296K, reserved 1048576K
}
Event: 11.901 GC heap before
{Heap before GC invocations=14 (full 2):
 PSYoungGen      total 145920K, used 145915K [0x00000000e0000000, 0x00000000eb900000, 0x0000000100000000)
  eden space 134144K, 100% used [0x00000000e0000000,0x00000000e8300000,0x00000000e8300000)
  from space 11776K, 99% used [0x00000000e8300000,0x00000000e8e7ec88,0x00000000e8e80000)
  to   space 15872K, 0% used [0x00000000ea980000,0x00000000ea980000,0x00000000eb900000)
 ParOldGen       total 81920K, used 23136K [0x00000000a0000000, 0x00000000a5000000, 0x00000000e0000000)
  object space 81920K, 28% used [0x00000000a0000000,0x00000000a1698248,0x00000000a5000000)
 Metaspace       used 57028K, capacity 58882K, committed 58968K, reserved 1099776K
  class space    used 7805K, capacity 8279K, committed 8320K, reserved 1048576K
Event: 11.943 GC heap after
Heap after GC invocations=14 (full 2):
 PSYoungGen      total 172032K, used 13827K [0x00000000e0000000, 0x00000000ecb00000, 0x0000000100000000)
  eden space 156160K, 0% used [0x00000000e0000000,0x00000000e0000000,0x00000000e9880000)
  from space 15872K, 87% used [0x00000000ea980000,0x00000000eb700e68,0x00000000eb900000)
  to   space 17408K, 0% used [0x00000000e9880000,0x00000000e9880000,0x00000000ea980000)
 ParOldGen       total 81920K, used 30721K [0x00000000a0000000, 0x00000000a5000000, 0x00000000e0000000)
  object space 81920K, 37% used [0x00000000a0000000,0x00000000a1e004d8,0x00000000a5000000)
 Metaspace       used 57028K, capacity 58882K, committed 58968K, reserved 1099776K
  class space    used 7805K, capacity 8279K, committed 8320K, reserved 1048576K
}
Event: 12.215 GC heap before
{Heap before GC invocations=15 (full 2):
 PSYoungGen      total 172032K, used 32454K [0x00000000e0000000, 0x00000000ecb00000, 0x0000000100000000)
  eden space 156160K, 11% used [0x00000000e0000000,0x00000000e1230a78,0x00000000e9880000)
  from space 15872K, 87% used [0x00000000ea980000,0x00000000eb700e68,0x00000000eb900000)
  to   space 17408K, 0% used [0x00000000e9880000,0x00000000e9880000,0x00000000ea980000)
 ParOldGen       total 81920K, used 30721K [0x00000000a0000000, 0x00000000a5000000, 0x00000000e0000000)
  object space 81920K, 37% used [0x00000000a0000000,0x00000000a1e004d8,0x00000000a5000000)
 Metaspace       used 57052K, capacity 58882K, committed 58968K, reserved 1099776K
  class space    used 7809K, capacity 8279K, committed 8320K, reserved 1048576K
Event: 12.226 GC heap after
Heap after GC invocations=15 (full 2):
 PSYoungGen      total 173568K, used 10064K [0x00000000e0000000, 0x00000000ee900000, 0x0000000100000000)
  eden space 156160K, 0% used [0x00000000e0000000,0x00000000e0000000,0x00000000e9880000)
  from space 17408K, 57% used [0x00000000e9880000,0x00000000ea254030,0x00000000ea980000)
  to   space 16896K, 0% used [0x00000000ed880000,0x00000000ed880000,0x00000000ee900000)
 ParOldGen       total 81920K, used 30729K [0x00000000a0000000, 0x00000000a5000000, 0x00000000e0000000)
  object space 81920K, 37% used [0x00000000a0000000,0x00000000a1e024d8,0x00000000a5000000)
 Metaspace       used 57052K, capacity 58882K, committed 58968K, reserved 1099776K
  class space    used 7809K, capacity 8279K, committed 8320K, reserved 1048576K
}
Event: 12.226 GC heap before
{Heap before GC invocations=16 (full 3):
 PSYoungGen      total 173568K, used 10064K [0x00000000e0000000, 0x00000000ee900000, 0x0000000100000000)
  eden space 156160K, 0% used [0x00000000e0000000,0x00000000e0000000,0x00000000e9880000)
  from space 17408K, 57% used [0x00000000e9880000,0x00000000ea254030,0x00000000ea980000)
  to   space 16896K, 0% used [0x00000000ed880000,0x00000000ed880000,0x00000000ee900000)
 ParOldGen       total 81920K, used 30729K [0x00000000a0000000, 0x00000000a5000000, 0x00000000e0000000)
  object space 81920K, 37% used [0x00000000a0000000,0x00000000a1e024d8,0x00000000a5000000)
 Metaspace       used 57052K, capacity 58882K, committed 58968K, reserved 1099776K
  class space    used 7809K, capacity 8279K, committed 8320K, reserved 1048576K
Event: 12.483 GC heap after
Heap after GC invocations=16 (full 3):
 PSYoungGen      total 173568K, used 0K [0x00000000e0000000, 0x00000000ee900000, 0x0000000100000000)
  eden space 156160K, 0% used [0x00000000e0000000,0x00000000e0000000,0x00000000e9880000)
  from space 17408K, 0% used [0x00000000e9880000,0x00000000e9880000,0x00000000ea980000)
  to   space 16896K, 0% used [0x00000000ed880000,0x00000000ed880000,0x00000000ee900000)
 ParOldGen       total 128000K, used 36774K [0x00000000a0000000, 0x00000000a7d00000, 0x00000000e0000000)
  object space 128000K, 28% used [0x00000000a0000000,0x00000000a23e9bc8,0x00000000a7d00000)
 Metaspace       used 57052K, capacity 58882K, committed 58968K, reserved 1099776K
  class space    used 7809K, capacity 8279K, committed 8320K, reserved 1048576K
}
Event: 15.078 GC heap before
{Heap before GC invocations=17 (full 3):
 PSYoungGen      total 173568K, used 156160K [0x00000000e0000000, 0x00000000ee900000, 0x0000000100000000)
  eden space 156160K, 100% used [0x00000000e0000000,0x00000000e9880000,0x00000000e9880000)
  from space 17408K, 0% used [0x00000000e9880000,0x00000000e9880000,0x00000000ea980000)
  to   space 16896K, 0% used [0x00000000ed880000,0x00000000ed880000,0x00000000ee900000)
 ParOldGen       total 128000K, used 36774K [0x00000000a0000000, 0x00000000a7d00000, 0x00000000e0000000)
  object space 128000K, 28% used [0x00000000a0000000,0x00000000a23e9bc8,0x00000000a7d00000)
 Metaspace       used 60711K, capacity 62582K, committed 62936K, reserved 1103872K
  class space    used 8170K, capacity 8637K, committed 8704K, reserved 1048576K
Event: 15.106 GC heap after
Heap after GC invocations=17 (full 3):
 PSYoungGen      total 211456K, used 16882K [0x00000000e0000000, 0x00000000ee900000, 0x0000000100000000)
  eden space 194560K, 0% used [0x00000000e0000000,0x00000000e0000000,0x00000000ebe00000)
  from space 16896K, 99% used [0x00000000ed880000,0x00000000ee8fc9e0,0x00000000ee900000)
  to   space 19456K, 0% used [0x00000000ec300000,0x00000000ec300000,0x00000000ed600000)
 ParOldGen       total 128000K, used 37637K [0x00000000a0000000, 0x00000000a7d00000, 0x00000000e0000000)
  object space 128000K, 29% used [0x00000000a0000000,0x00000000a24c1498,0x00000000a7d00000)
 Metaspace       used 60711K, capacity 62582K, committed 62936K, reserved 1103872K
  class space    used 8170K, capacity 8637K, committed 8704K, reserved 1048576K
}

