# JRE version: OpenJDK Runtime Environment (8.0_152-b06) (build 1.8.0_152-release-1136-b06)
# Java VM: OpenJDK 64-Bit Server VM (25.152-b06 mixed mode windows-amd64 compressed oops)
Heap:
 PSYoungGen      total 197632K, used 54161K [0x00000000e0000000, 0x00000000ee580000, 0x0000000100000000)
  eden space 166912K, 17% used [0x00000000e0000000,0x00000000e1c9c420,0x00000000ea300000)
  from space 30720K, 80% used [0x00000000ea300000,0x00000000ebb483a8,0x00000000ec100000)
  to   space 22528K, 0% used [0x00000000ec100000,0x00000000ec100000,0x00000000ed700000)
 ParOldGen       total 141312K, used 70166K [0x00000000a0000000, 0x00000000a8a00000, 0x00000000e0000000)
  object space 141312K, 49% used [0x00000000a0000000,0x00000000a44859b8,0x00000000a8a00000)
 Metaspace       used 72725K, capacity 75782K, committed 75864K, reserved 1114112K
  class space    used 9510K, capacity 10333K, committed 10368K, reserved 1048576K
GC Heap History (10 events):
Event: 29.657 GC heap before
{Heap before GC invocations=20 (full 3):
 PSYoungGen      total 146944K, used 146820K [0x00000000e0000000, 0x00000000ea700000, 0x0000000100000000)
  eden space 134144K, 100% used [0x00000000e0000000,0x00000000e8300000,0x00000000e8300000)
  from space 12800K, 99% used [0x00000000e9a80000,0x00000000ea6e1250,0x00000000ea700000)
  to   space 16896K, 0% used [0x00000000e8600000,0x00000000e8600000,0x00000000e9680000)
 ParOldGen       total 141312K, used 35243K [0x00000000a0000000, 0x00000000a8a00000, 0x00000000e0000000)
  object space 141312K, 24% used [0x00000000a0000000,0x00000000a226ae98,0x00000000a8a00000)
 Metaspace       used 61230K, capacity 63038K, committed 63448K, reserved 1103872K
  class space    used 8207K, capacity 8640K, committed 8704K, reserved 1048576K
Event: 29.663 GC heap after
Heap after GC invocations=20 (full 3):
 PSYoungGen      total 154112K, used 4932K [0x00000000e0000000, 0x00000000eb700000, 0x0000000100000000)
  eden space 137216K, 0% used [0x00000000e0000000,0x00000000e0000000,0x00000000e8600000)
  from space 16896K, 29% used [0x00000000e8600000,0x00000000e8ad10b8,0x00000000e9680000)
  to   space 16896K, 0% used [0x00000000ea680000,0x00000000ea680000,0x00000000eb700000)
 ParOldGen       total 141312K, used 35251K [0x00000000a0000000, 0x00000000a8a00000, 0x00000000e0000000)
  object space 141312K, 24% used [0x00000000a0000000,0x00000000a226ce98,0x00000000a8a00000)
 Metaspace       used 61230K, capacity 63038K, committed 63448K, reserved 1103872K
  class space    used 8207K, capacity 8640K, committed 8704K, reserved 1048576K
}
Event: 275.223 GC heap before
{Heap before GC invocations=21 (full 3):
 PSYoungGen      total 154112K, used 142148K [0x00000000e0000000, 0x00000000eb700000, 0x0000000100000000)
  eden space 137216K, 100% used [0x00000000e0000000,0x00000000e8600000,0x00000000e8600000)
  from space 16896K, 29% used [0x00000000e8600000,0x00000000e8ad10b8,0x00000000e9680000)
  to   space 16896K, 0% used [0x00000000ea680000,0x00000000ea680000,0x00000000eb700000)
 ParOldGen       total 141312K, used 35251K [0x00000000a0000000, 0x00000000a8a00000, 0x00000000e0000000)
  object space 141312K, 24% used [0x00000000a0000000,0x00000000a226ce98,0x00000000a8a00000)
 Metaspace       used 68294K, capacity 70502K, committed 70744K, reserved 1110016K
  class space    used 8936K, capacity 9526K, committed 9600K, reserved 1048576K
Event: 275.240 GC heap after
Heap after GC invocations=21 (full 3):
 PSYoungGen      total 169472K, used 13388K [0x00000000e0000000, 0x00000000eb900000, 0x0000000100000000)
  eden space 152576K, 0% used [0x00000000e0000000,0x00000000e0000000,0x00000000e9500000)
  from space 16896K, 79% used [0x00000000ea680000,0x00000000eb393250,0x00000000eb700000)
  to   space 17920K, 0% used [0x00000000e9500000,0x00000000e9500000,0x00000000ea680000)
 ParOldGen       total 141312K, used 35259K [0x00000000a0000000, 0x00000000a8a00000, 0x00000000e0000000)
  object space 141312K, 24% used [0x00000000a0000000,0x00000000a226ee98,0x00000000a8a00000)
 Metaspace       used 68294K, capacity 70502K, committed 70744K, reserved 1110016K
  class space    used 8936K, capacity 9526K, committed 9600K, reserved 1048576K
}
Event: 276.987 GC heap before
{Heap before GC invocations=22 (full 3):
 PSYoungGen      total 169472K, used 165964K [0x00000000e0000000, 0x00000000eb900000, 0x0000000100000000)
  eden space 152576K, 100% used [0x00000000e0000000,0x00000000e9500000,0x00000000e9500000)
  from space 16896K, 79% used [0x00000000ea680000,0x00000000eb393250,0x00000000eb700000)
  to   space 17920K, 0% used [0x00000000e9500000,0x00000000e9500000,0x00000000ea680000)
 ParOldGen       total 141312K, used 35259K [0x00000000a0000000, 0x00000000a8a00000, 0x00000000e0000000)
  object space 141312K, 24% used [0x00000000a0000000,0x00000000a226ee98,0x00000000a8a00000)
 Metaspace       used 70796K, capacity 73372K, committed 73560K, reserved 1112064K
  class space    used 9327K, capacity 10073K, committed 10112K, reserved 1048576K
Event: 277.022 GC heap after
Heap after GC invocations=22 (full 3):
 PSYoungGen      total 170496K, used 17892K [0x00000000e0000000, 0x00000000ed700000, 0x0000000100000000)
  eden space 152576K, 0% used [0x00000000e0000000,0x00000000e0000000,0x00000000e9500000)
  from space 17920K, 99% used [0x00000000e9500000,0x00000000ea679060,0x00000000ea680000)
  to   space 22528K, 0% used [0x00000000ec100000,0x00000000ec100000,0x00000000ed700000)
 ParOldGen       total 141312K, used 41823K [0x00000000a0000000, 0x00000000a8a00000, 0x00000000e0000000)
  object space 141312K, 29% used [0x00000000a0000000,0x00000000a28d7f70,0x00000000a8a00000)
 Metaspace       used 70796K, capacity 73372K, committed 73560K, reserved 1112064K
  class space    used 9327K, capacity 10073K, committed 10112K, reserved 1048576K
}
Event: 282.224 GC heap before
{Heap before GC invocations=23 (full 3):
 PSYoungGen      total 170496K, used 170468K [0x00000000e0000000, 0x00000000ed700000, 0x0000000100000000)
  eden space 152576K, 100% used [0x00000000e0000000,0x00000000e9500000,0x00000000e9500000)
  from space 17920K, 99% used [0x00000000e9500000,0x00000000ea679060,0x00000000ea680000)
  to   space 22528K, 0% used [0x00000000ec100000,0x00000000ec100000,0x00000000ed700000)
 ParOldGen       total 141312K, used 41823K [0x00000000a0000000, 0x00000000a8a00000, 0x00000000e0000000)
  object space 141312K, 29% used [0x00000000a0000000,0x00000000a28d7f70,0x00000000a8a00000)
 Metaspace       used 72600K, capacity 75712K, committed 75864K, reserved 1114112K
  class space    used 9509K, capacity 10332K, committed 10368K, reserved 1048576K
Event: 282.259 GC heap after
Heap after GC invocations=23 (full 3):
 PSYoungGen      total 189440K, used 22500K [0x00000000e0000000, 0x00000000ee580000, 0x0000000100000000)
  eden space 166912K, 0% used [0x00000000e0000000,0x00000000e0000000,0x00000000ea300000)
  from space 22528K, 99% used [0x00000000ec100000,0x00000000ed6f9080,0x00000000ed700000)
  to   space 30720K, 0% used [0x00000000ea300000,0x00000000ea300000,0x00000000ec100000)
 ParOldGen       total 141312K, used 54400K [0x00000000a0000000, 0x00000000a8a00000, 0x00000000e0000000)
  object space 141312K, 38% used [0x00000000a0000000,0x00000000a35202d0,0x00000000a8a00000)
 Metaspace       used 72600K, capacity 75712K, committed 75864K, reserved 1114112K
  class space    used 9509K, capacity 10332K, committed 10368K, reserved 1048576K
}
Event: 284.918 GC heap before
{Heap before GC invocations=24 (full 3):
 PSYoungGen      total 189440K, used 189412K [0x00000000e0000000, 0x00000000ee580000, 0x0000000100000000)
  eden space 166912K, 100% used [0x00000000e0000000,0x00000000ea300000,0x00000000ea300000)
  from space 22528K, 99% used [0x00000000ec100000,0x00000000ed6f9080,0x00000000ed700000)
  to   space 30720K, 0% used [0x00000000ea300000,0x00000000ea300000,0x00000000ec100000)
 ParOldGen       total 141312K, used 54400K [0x00000000a0000000, 0x00000000a8a00000, 0x00000000e0000000)
  object space 141312K, 38% used [0x00000000a0000000,0x00000000a35202d0,0x00000000a8a00000)
 Metaspace       used 72715K, capacity 75782K, committed 75864K, reserved 1114112K
  class space    used 9510K, capacity 10333K, committed 10368K, reserved 1048576K
Event: 284.975 GC heap after
Heap after GC invocations=24 (full 3):
 PSYoungGen      total 197632K, used 24864K [0x00000000e0000000, 0x00000000ee580000, 0x0000000100000000)
  eden space 166912K, 0% used [0x00000000e0000000,0x00000000e0000000,0x00000000ea300000)
  from space 30720K, 80% used [0x00000000ea300000,0x00000000ebb483a8,0x00000000ec100000)
  to   space 22528K, 0% used [0x00000000ec100000,0x00000000ec100000,0x00000000ed700000)
 ParOldGen       total 141312K, used 70166K [0x00000000a0000000, 0x00000000a8a00000, 0x00000000e0000000)
  object space 141312K, 49% used [0x00000000a0000000,0x00000000a44859b8,0x00000000a8a00000)
 Metaspace       used 72715K, capacity 75782K, committed 75864K, reserved 1114112K
  class space    used 9510K, capacity 10333K, committed 10368K, reserved 1048576K
}

