# JRE version: OpenJDK Runtime Environment (8.0_152-b06) (build 1.8.0_152-release-1136-b06)
# Java VM: OpenJDK 64-Bit Server VM (25.152-b06 mixed mode windows-amd64 compressed oops)
Heap:
 PSYoungGen      total 269824K, used 131477K [0x00000000e0000000, 0x00000000f6200000, 0x0000000100000000)
  eden space 212480K, 61% used [0x00000000e0000000,0x00000000e8065430,0x00000000ecf80000)
  from space 57344K, 0% used [0x00000000ecf80000,0x00000000ecf80000,0x00000000f0780000)
  to   space 64512K, 0% used [0x00000000f2300000,0x00000000f2300000,0x00000000f6200000)
 ParOldGen       total 177152K, used 95427K [0x00000000a0000000, 0x00000000aad00000, 0x00000000e0000000)
  object space 177152K, 53% used [0x00000000a0000000,0x00000000a5d30c78,0x00000000aad00000)
 Metaspace       used 96834K, capacity 100730K, committed 101120K, reserved 1136640K
  class space    used 12002K, capacity 12911K, committed 13056K, reserved 1048576K
GC Heap History (10 events):
Event: 1986.153 GC heap before
{Heap before GC invocations=41 (full 3):
 PSYoungGen      total 226816K, used 202955K [0x00000000e0000000, 0x00000000f2580000, 0x0000000100000000)
  eden space 172544K, 100% used [0x00000000e0000000,0x00000000ea880000,0x00000000ea880000)
  from space 54272K, 56% used [0x00000000ea880000,0x00000000ec632cb0,0x00000000edd80000)
  to   space 53248K, 0% used [0x00000000ef180000,0x00000000ef180000,0x00000000f2580000)
 ParOldGen       total 177152K, used 66770K [0x00000000a0000000, 0x00000000aad00000, 0x00000000e0000000)
  object space 177152K, 37% used [0x00000000a0000000,0x00000000a41349f8,0x00000000aad00000)
 Metaspace       used 87363K, capacity 90798K, committed 90880K, reserved 1128448K
  class space    used 10880K, capacity 11746K, committed 11776K, reserved 1048576K
Event: 1986.217 GC heap after
Heap after GC invocations=41 (full 3):
 PSYoungGen      total 244224K, used 33080K [0x00000000e0000000, 0x00000000f2380000, 0x0000000100000000)
  eden space 193024K, 0% used [0x00000000e0000000,0x00000000e0000000,0x00000000ebc80000)
  from space 51200K, 64% used [0x00000000ef180000,0x00000000f11ce358,0x00000000f2380000)
  to   space 52736K, 0% used [0x00000000ebc80000,0x00000000ebc80000,0x00000000ef000000)
 ParOldGen       total 177152K, used 68873K [0x00000000a0000000, 0x00000000aad00000, 0x00000000e0000000)
  object space 177152K, 38% used [0x00000000a0000000,0x00000000a43426b0,0x00000000aad00000)
 Metaspace       used 87363K, capacity 90798K, committed 90880K, reserved 1128448K
  class space    used 10880K, capacity 11746K, committed 11776K, reserved 1048576K
}
Event: 1991.639 GC heap before
{Heap before GC invocations=42 (full 3):
 PSYoungGen      total 244224K, used 226104K [0x00000000e0000000, 0x00000000f2380000, 0x0000000100000000)
  eden space 193024K, 100% used [0x00000000e0000000,0x00000000ebc80000,0x00000000ebc80000)
  from space 51200K, 64% used [0x00000000ef180000,0x00000000f11ce358,0x00000000f2380000)
  to   space 52736K, 0% used [0x00000000ebc80000,0x00000000ebc80000,0x00000000ef000000)
 ParOldGen       total 177152K, used 68873K [0x00000000a0000000, 0x00000000aad00000, 0x00000000e0000000)
  object space 177152K, 38% used [0x00000000a0000000,0x00000000a43426b0,0x00000000aad00000)
 Metaspace       used 87695K, capacity 91028K, committed 91264K, reserved 1128448K
  class space    used 10908K, capacity 11779K, committed 11904K, reserved 1048576K
Event: 1991.678 GC heap after
Heap after GC invocations=42 (full 3):
 PSYoungGen      total 245760K, used 39950K [0x00000000e0000000, 0x00000000f3d00000, 0x0000000100000000)
  eden space 193024K, 0% used [0x00000000e0000000,0x00000000e0000000,0x00000000ebc80000)
  from space 52736K, 75% used [0x00000000ebc80000,0x00000000ee383a58,0x00000000ef000000)
  to   space 54784K, 0% used [0x00000000f0780000,0x00000000f0780000,0x00000000f3d00000)
 ParOldGen       total 177152K, used 72133K [0x00000000a0000000, 0x00000000aad00000, 0x00000000e0000000)
  object space 177152K, 40% used [0x00000000a0000000,0x00000000a46716d0,0x00000000aad00000)
 Metaspace       used 87695K, capacity 91028K, committed 91264K, reserved 1128448K
  class space    used 10908K, capacity 11779K, committed 11904K, reserved 1048576K
}
Event: 2001.736 GC heap before
{Heap before GC invocations=43 (full 3):
 PSYoungGen      total 245760K, used 232974K [0x00000000e0000000, 0x00000000f3d00000, 0x0000000100000000)
  eden space 193024K, 100% used [0x00000000e0000000,0x00000000ebc80000,0x00000000ebc80000)
  from space 52736K, 75% used [0x00000000ebc80000,0x00000000ee383a58,0x00000000ef000000)
  to   space 54784K, 0% used [0x00000000f0780000,0x00000000f0780000,0x00000000f3d00000)
 ParOldGen       total 177152K, used 72148K [0x00000000a0000000, 0x00000000aad00000, 0x00000000e0000000)
  object space 177152K, 40% used [0x00000000a0000000,0x00000000a4675338,0x00000000aad00000)
 Metaspace       used 88282K, capacity 91798K, committed 92032K, reserved 1130496K
  class space    used 10994K, capacity 11874K, committed 11904K, reserved 1048576K
Event: 2001.804 GC heap after
Heap after GC invocations=43 (full 3):
 PSYoungGen      total 267264K, used 43360K [0x00000000e0000000, 0x00000000f4100000, 0x0000000100000000)
  eden space 212480K, 0% used [0x00000000e0000000,0x00000000e0000000,0x00000000ecf80000)
  from space 54784K, 79% used [0x00000000f0780000,0x00000000f31d8130,0x00000000f3d00000)
  to   space 57344K, 0% used [0x00000000ecf80000,0x00000000ecf80000,0x00000000f0780000)
 ParOldGen       total 177152K, used 80709K [0x00000000a0000000, 0x00000000aad00000, 0x00000000e0000000)
  object space 177152K, 45% used [0x00000000a0000000,0x00000000a4ed1628,0x00000000aad00000)
 Metaspace       used 88282K, capacity 91798K, committed 92032K, reserved 1130496K
  class space    used 10994K, capacity 11874K, committed 11904K, reserved 1048576K
}
Event: 2005.318 GC heap before
{Heap before GC invocations=44 (full 3):
 PSYoungGen      total 267264K, used 239962K [0x00000000e0000000, 0x00000000f4100000, 0x0000000100000000)
  eden space 212480K, 92% used [0x00000000e0000000,0x00000000ebffe990,0x00000000ecf80000)
  from space 54784K, 79% used [0x00000000f0780000,0x00000000f31d8130,0x00000000f3d00000)
  to   space 57344K, 0% used [0x00000000ecf80000,0x00000000ecf80000,0x00000000f0780000)
 ParOldGen       total 177152K, used 80709K [0x00000000a0000000, 0x00000000aad00000, 0x00000000e0000000)
  object space 177152K, 45% used [0x00000000a0000000,0x00000000a4ed1628,0x00000000aad00000)
 Metaspace       used 94380K, capacity 98306K, committed 98380K, reserved 1134592K
  class space    used 11791K, capacity 12728K, committed 12800K, reserved 1048576K
Event: 2005.365 GC heap after
Heap after GC invocations=44 (full 3):
 PSYoungGen      total 269824K, used 57169K [0x00000000e0000000, 0x00000000f6200000, 0x0000000100000000)
  eden space 212480K, 0% used [0x00000000e0000000,0x00000000e0000000,0x00000000ecf80000)
  from space 57344K, 99% used [0x00000000ecf80000,0x00000000f07544f0,0x00000000f0780000)
  to   space 64512K, 0% used [0x00000000f2300000,0x00000000f2300000,0x00000000f6200000)
 ParOldGen       total 177152K, used 84527K [0x00000000a0000000, 0x00000000aad00000, 0x00000000e0000000)
  object space 177152K, 47% used [0x00000000a0000000,0x00000000a528be68,0x00000000aad00000)
 Metaspace       used 94380K, capacity 98306K, committed 98380K, reserved 1134592K
  class space    used 11791K, capacity 12728K, committed 12800K, reserved 1048576K
}
Event: 2005.365 GC heap before
{Heap before GC invocations=45 (full 4):
 PSYoungGen      total 269824K, used 57169K [0x00000000e0000000, 0x00000000f6200000, 0x0000000100000000)
  eden space 212480K, 0% used [0x00000000e0000000,0x00000000e0000000,0x00000000ecf80000)
  from space 57344K, 99% used [0x00000000ecf80000,0x00000000f07544f0,0x00000000f0780000)
  to   space 64512K, 0% used [0x00000000f2300000,0x00000000f2300000,0x00000000f6200000)
 ParOldGen       total 177152K, used 84527K [0x00000000a0000000, 0x00000000aad00000, 0x00000000e0000000)
  object space 177152K, 47% used [0x00000000a0000000,0x00000000a528be68,0x00000000aad00000)
 Metaspace       used 94380K, capacity 98306K, committed 98380K, reserved 1134592K
  class space    used 11791K, capacity 12728K, committed 12800K, reserved 1048576K
Event: 2005.707 GC heap after
Heap after GC invocations=45 (full 4):
 PSYoungGen      total 269824K, used 0K [0x00000000e0000000, 0x00000000f6200000, 0x0000000100000000)
  eden space 212480K, 0% used [0x00000000e0000000,0x00000000e0000000,0x00000000ecf80000)
  from space 57344K, 0% used [0x00000000ecf80000,0x00000000ecf80000,0x00000000f0780000)
  to   space 64512K, 0% used [0x00000000f2300000,0x00000000f2300000,0x00000000f6200000)
 ParOldGen       total 177152K, used 95427K [0x00000000a0000000, 0x00000000aad00000, 0x00000000e0000000)
  object space 177152K, 53% used [0x00000000a0000000,0x00000000a5d30c78,0x00000000aad00000)
 Metaspace       used 94004K, capacity 97554K, committed 98380K, reserved 1134592K
  class space    used 11699K, capacity 12563K, committed 12800K, reserved 1048576K
}

