# JRE version: OpenJDK Runtime Environment (8.0_152-b06) (build 1.8.0_152-release-1136-b06)
# Java VM: OpenJDK 64-Bit Server VM (25.152-b06 mixed mode windows-amd64 compressed oops)
Heap:
 PSYoungGen      total 165888K, used 82607K [0x00000000e0000000, 0x00000000f0c80000, 0x0000000100000000)
  eden space 91648K, 12% used [0x00000000e0000000,0x00000000e0adac70,0x00000000e5980000)
  from space 74240K, 96% used [0x00000000e5980000,0x00000000e9f511a8,0x00000000ea200000)
  to   space 84992K, 0% used [0x00000000eb980000,0x00000000eb980000,0x00000000f0c80000)
 ParOldGen       total 159232K, used 55276K [0x00000000a0000000, 0x00000000a9b80000, 0x00000000e0000000)
  object space 159232K, 34% used [0x00000000a0000000,0x00000000a35fb160,0x00000000a9b80000)
 Metaspace       used 80765K, capacity 86204K, committed 86400K, reserved 1124352K
  class space    used 10455K, capacity 11877K, committed 11904K, reserved 1048576K
GC Heap History (10 events):
Event: 1404.661 GC heap before
{Heap before GC invocations=28 (full 3):
 PSYoungGen      total 154112K, used 154102K [0x00000000e0000000, 0x00000000ee100000, 0x0000000100000000)
  eden space 107520K, 100% used [0x00000000e0000000,0x00000000e6900000,0x00000000e6900000)
  from space 46592K, 99% used [0x00000000ea100000,0x00000000ece7da48,0x00000000ece80000)
  to   space 57344K, 0% used [0x00000000e6900000,0x00000000e6900000,0x00000000ea100000)
 ParOldGen       total 159232K, used 55244K [0x00000000a0000000, 0x00000000a9b80000, 0x00000000e0000000)
  object space 159232K, 34% used [0x00000000a0000000,0x00000000a35f3160,0x00000000a9b80000)
 Metaspace       used 79684K, capacity 84246K, committed 84608K, reserved 1122304K
  class space    used 10308K, capacity 11553K, committed 11648K, reserved 1048576K
Event: 1404.692 GC heap after
Heap after GC invocations=28 (full 3):
 PSYoungGen      total 141824K, used 36608K [0x00000000e0000000, 0x00000000ed980000, 0x0000000100000000)
  eden space 104960K, 0% used [0x00000000e0000000,0x00000000e0000000,0x00000000e6680000)
  from space 36864K, 99% used [0x00000000e6900000,0x00000000e8cc03f8,0x00000000e8d00000)
  to   space 58880K, 0% used [0x00000000ea000000,0x00000000ea000000,0x00000000ed980000)
 ParOldGen       total 159232K, used 55252K [0x00000000a0000000, 0x00000000a9b80000, 0x00000000e0000000)
  object space 159232K, 34% used [0x00000000a0000000,0x00000000a35f5160,0x00000000a9b80000)
 Metaspace       used 79684K, capacity 84246K, committed 84608K, reserved 1122304K
  class space    used 10308K, capacity 11553K, committed 11648K, reserved 1048576K
}
Event: 1714.478 GC heap before
{Heap before GC invocations=29 (full 3):
 PSYoungGen      total 141824K, used 141568K [0x00000000e0000000, 0x00000000ed980000, 0x0000000100000000)
  eden space 104960K, 100% used [0x00000000e0000000,0x00000000e6680000,0x00000000e6680000)
  from space 36864K, 99% used [0x00000000e6900000,0x00000000e8cc03f8,0x00000000e8d00000)
  to   space 58880K, 0% used [0x00000000ea000000,0x00000000ea000000,0x00000000ed980000)
 ParOldGen       total 159232K, used 55252K [0x00000000a0000000, 0x00000000a9b80000, 0x00000000e0000000)
  object space 159232K, 34% used [0x00000000a0000000,0x00000000a35f5160,0x00000000a9b80000)
 Metaspace       used 80180K, capacity 84992K, committed 85248K, reserved 1122304K
  class space    used 10370K, capacity 11719K, committed 11776K, reserved 1048576K
Event: 1714.528 GC heap after
Heap after GC invocations=29 (full 3):
 PSYoungGen      total 161280K, used 39558K [0x00000000e0000000, 0x00000000edc80000, 0x0000000100000000)
  eden space 102400K, 0% used [0x00000000e0000000,0x00000000e0000000,0x00000000e6400000)
  from space 58880K, 67% used [0x00000000ea000000,0x00000000ec6a18c8,0x00000000ed980000)
  to   space 61440K, 0% used [0x00000000e6400000,0x00000000e6400000,0x00000000ea000000)
 ParOldGen       total 159232K, used 55260K [0x00000000a0000000, 0x00000000a9b80000, 0x00000000e0000000)
  object space 159232K, 34% used [0x00000000a0000000,0x00000000a35f7160,0x00000000a9b80000)
 Metaspace       used 80180K, capacity 84992K, committed 85248K, reserved 1122304K
  class space    used 10370K, capacity 11719K, committed 11776K, reserved 1048576K
}
Event: 1717.086 GC heap before
{Heap before GC invocations=30 (full 3):
 PSYoungGen      total 161280K, used 141958K [0x00000000e0000000, 0x00000000edc80000, 0x0000000100000000)
  eden space 102400K, 100% used [0x00000000e0000000,0x00000000e6400000,0x00000000e6400000)
  from space 58880K, 67% used [0x00000000ea000000,0x00000000ec6a18c8,0x00000000ed980000)
  to   space 61440K, 0% used [0x00000000e6400000,0x00000000e6400000,0x00000000ea000000)
 ParOldGen       total 159232K, used 55260K [0x00000000a0000000, 0x00000000a9b80000, 0x00000000e0000000)
  object space 159232K, 34% used [0x00000000a0000000,0x00000000a35f7160,0x00000000a9b80000)
 Metaspace       used 80634K, capacity 86006K, committed 86144K, reserved 1124352K
  class space    used 10455K, capacity 11876K, committed 11904K, reserved 1048576K
Event: 1717.143 GC heap after
Heap after GC invocations=30 (full 3):
 PSYoungGen      total 161792K, used 47602K [0x00000000e0000000, 0x00000000ee200000, 0x0000000100000000)
  eden space 100352K, 0% used [0x00000000e0000000,0x00000000e0000000,0x00000000e6200000)
  from space 61440K, 77% used [0x00000000e6400000,0x00000000e927c9b8,0x00000000ea000000)
  to   space 65536K, 0% used [0x00000000ea200000,0x00000000ea200000,0x00000000ee200000)
 ParOldGen       total 159232K, used 55268K [0x00000000a0000000, 0x00000000a9b80000, 0x00000000e0000000)
  object space 159232K, 34% used [0x00000000a0000000,0x00000000a35f9160,0x00000000a9b80000)
 Metaspace       used 80634K, capacity 86006K, committed 86144K, reserved 1124352K
  class space    used 10455K, capacity 11876K, committed 11904K, reserved 1048576K
}
Event: 1719.284 GC heap before
{Heap before GC invocations=31 (full 3):
 PSYoungGen      total 161792K, used 147954K [0x00000000e0000000, 0x00000000ee200000, 0x0000000100000000)
  eden space 100352K, 100% used [0x00000000e0000000,0x00000000e6200000,0x00000000e6200000)
  from space 61440K, 77% used [0x00000000e6400000,0x00000000e927c9b8,0x00000000ea000000)
  to   space 65536K, 0% used [0x00000000ea200000,0x00000000ea200000,0x00000000ee200000)
 ParOldGen       total 159232K, used 55268K [0x00000000a0000000, 0x00000000a9b80000, 0x00000000e0000000)
  object space 159232K, 34% used [0x00000000a0000000,0x00000000a35f9160,0x00000000a9b80000)
 Metaspace       used 80641K, capacity 86006K, committed 86144K, reserved 1124352K
  class space    used 10455K, capacity 11876K, committed 11904K, reserved 1048576K
Event: 1719.352 GC heap after
Heap after GC invocations=31 (full 3):
 PSYoungGen      total 157184K, used 61421K [0x00000000e0000000, 0x00000000eff80000, 0x0000000100000000)
  eden space 91648K, 0% used [0x00000000e0000000,0x00000000e0000000,0x00000000e5980000)
  from space 65536K, 93% used [0x00000000ea200000,0x00000000eddfb408,0x00000000ee200000)
  to   space 74240K, 0% used [0x00000000e5980000,0x00000000e5980000,0x00000000ea200000)
 ParOldGen       total 159232K, used 55268K [0x00000000a0000000, 0x00000000a9b80000, 0x00000000e0000000)
  object space 159232K, 34% used [0x00000000a0000000,0x00000000a35f9160,0x00000000a9b80000)
 Metaspace       used 80641K, capacity 86006K, committed 86144K, reserved 1124352K
  class space    used 10455K, capacity 11876K, committed 11904K, reserved 1048576K
}
Event: 1720.916 GC heap before
{Heap before GC invocations=32 (full 3):
 PSYoungGen      total 157184K, used 150758K [0x00000000e0000000, 0x00000000eff80000, 0x0000000100000000)
  eden space 91648K, 97% used [0x00000000e0000000,0x00000000e573e410,0x00000000e5980000)
  from space 65536K, 93% used [0x00000000ea200000,0x00000000eddfb408,0x00000000ee200000)
  to   space 74240K, 0% used [0x00000000e5980000,0x00000000e5980000,0x00000000ea200000)
 ParOldGen       total 159232K, used 55268K [0x00000000a0000000, 0x00000000a9b80000, 0x00000000e0000000)
  object space 159232K, 34% used [0x00000000a0000000,0x00000000a35f9160,0x00000000a9b80000)
 Metaspace       used 80762K, capacity 86204K, committed 86400K, reserved 1124352K
  class space    used 10455K, capacity 11877K, committed 11904K, reserved 1048576K
Event: 1720.968 GC heap after
Heap after GC invocations=32 (full 3):
 PSYoungGen      total 165888K, used 71492K [0x00000000e0000000, 0x00000000f0c80000, 0x0000000100000000)
  eden space 91648K, 0% used [0x00000000e0000000,0x00000000e0000000,0x00000000e5980000)
  from space 74240K, 96% used [0x00000000e5980000,0x00000000e9f511a8,0x00000000ea200000)
  to   space 84992K, 0% used [0x00000000eb980000,0x00000000eb980000,0x00000000f0c80000)
 ParOldGen       total 159232K, used 55276K [0x00000000a0000000, 0x00000000a9b80000, 0x00000000e0000000)
  object space 159232K, 34% used [0x00000000a0000000,0x00000000a35fb160,0x00000000a9b80000)
 Metaspace       used 80762K, capacity 86204K, committed 86400K, reserved 1124352K
  class space    used 10455K, capacity 11877K, committed 11904K, reserved 1048576K
}

